<?xml version="1.0" encoding="UTF-8"?>
<!-- Generated by org.testng.reporters.JUnitReportReporter -->
<testsuite hostname="DESKTOP-KBV84QS" failures="0" tests="1" name="sample.org.Sampleeee" time="0.020" errors="0" timestamp="04 Dec 2022 07:36:39 GMT" skipped="0">
  <testcase classname="sample.org.Sampleeee" name="tc1" time="0.020"/>
</testsuite> <!-- sample.org.Sampleeee -->
